2021-06-06 18:14:44,524 - Log4JLogChute initialized using file 'target\velocity.log'
2021-06-06 18:14:44,525 - Initializing Velocity, Calling init()...
2021-06-06 18:14:44,525 - Starting Apache Velocity v1.7 (compiled: 2010-11-19 12:14:37)
2021-06-06 18:14:44,525 - Default Properties File: org\apache\velocity\runtime\defaults\velocity.properties
2021-06-06 18:14:44,526 - Trying to use logger class org.apache.velocity.runtime.log.AvalonLogChute
2021-06-06 18:14:44,526 - Target log system for org.apache.velocity.runtime.log.AvalonLogChute is not available (java.lang.NoClassDefFoundError: org/apache/log/format/Formatter).  Falling back to next log system...
2021-06-06 18:14:44,526 - Trying to use logger class org.apache.velocity.runtime.log.Log4JLogChute
2021-06-06 18:14:44,526 - Using logger class org.apache.velocity.runtime.log.Log4JLogChute
2021-06-06 18:14:44,532 - ResourceLoader instantiated: org.apache.velocity.runtime.resource.loader.ClasspathResourceLoader
2021-06-06 18:14:44,588 - ResourceCache: initialized (class org.apache.velocity.runtime.resource.ResourceCacheImpl) with class java.util.Collections$SynchronizedMap cache map.
2021-06-06 18:14:44,592 - Loaded System Directive: org.apache.velocity.runtime.directive.Stop
2021-06-06 18:14:44,594 - Loaded System Directive: org.apache.velocity.runtime.directive.Define
2021-06-06 18:14:44,595 - Loaded System Directive: org.apache.velocity.runtime.directive.Break
2021-06-06 18:14:44,597 - Loaded System Directive: org.apache.velocity.runtime.directive.Evaluate
2021-06-06 18:14:44,598 - Loaded System Directive: org.apache.velocity.runtime.directive.Literal
2021-06-06 18:14:44,600 - Loaded System Directive: org.apache.velocity.runtime.directive.Macro
2021-06-06 18:14:44,602 - Loaded System Directive: org.apache.velocity.runtime.directive.Parse
2021-06-06 18:14:44,604 - Loaded System Directive: org.apache.velocity.runtime.directive.Include
2021-06-06 18:14:44,606 - Loaded System Directive: org.apache.velocity.runtime.directive.Foreach
2021-06-06 18:14:44,645 - Created '20' parsers.
2021-06-06 18:14:44,653 - Velocimacro : "velocimacro.library" is not set.  Trying default library: VM_global_library.vm
2021-06-06 18:14:44,654 - Could not load resource 'VM_global_library.vm' from ResourceLoader org.apache.velocity.runtime.resource.loader.ClasspathResourceLoader: ClasspathResourceLoader Error: cannot find resource VM_global_library.vm
2021-06-06 18:14:44,654 - Velocimacro : Default library not found.
2021-06-06 18:14:44,654 - Velocimacro : allowInline = true : VMs can be defined inline in templates
2021-06-06 18:14:44,654 - Velocimacro : allowInlineToOverride = false : VMs defined inline may NOT replace previous VM definitions
2021-06-06 18:14:44,654 - Velocimacro : allowInlineLocal = false : VMs defined inline will be global in scope if allowed.
2021-06-06 18:14:44,654 - Velocimacro : autoload off : VM system will not automatically reload global library macros
2021-06-06 18:14:44,994 - ResourceManager : found templates/generators/errorpage.vm with loader org.apache.velocity.runtime.resource.loader.ClasspathResourceLoader
2021-06-06 18:14:45,003 - ResourceManager : found /templates/headers.vm with loader org.apache.velocity.runtime.resource.loader.ClasspathResourceLoader
2021-06-06 18:14:45,006 - ResourceManager : found /templates/head.vm with loader org.apache.velocity.runtime.resource.loader.ClasspathResourceLoader
2021-06-06 18:14:45,012 - Velocimacro : added VM stringArray: source=/templates/macros/array.js.vm
2021-06-06 18:14:45,012 - Velocimacro : added VM numberArray: source=/templates/macros/array.js.vm
2021-06-06 18:14:45,012 - ResourceManager : found /templates/macros/array.js.vm with loader org.apache.velocity.runtime.resource.loader.ClasspathResourceLoader
2021-06-06 18:14:45,015 - Velocimacro : added VM includeBuildInfo: source=/templates/macros/page/buildinfo.vm
2021-06-06 18:14:45,015 - ResourceManager : found /templates/macros/page/buildinfo.vm with loader org.apache.velocity.runtime.resource.loader.ClasspathResourceLoader
2021-06-06 18:14:45,020 - Velocimacro : added VM includeClassifications: source=/templates/macros/page/classifications.vm
2021-06-06 18:14:45,021 - ResourceManager : found /templates/macros/page/classifications.vm with loader org.apache.velocity.runtime.resource.loader.ClasspathResourceLoader
2021-06-06 18:14:45,023 - Velocimacro : added VM includeLead: source=/templates/macros/page/lead.vm
2021-06-06 18:14:45,024 - ResourceManager : found /templates/macros/page/lead.vm with loader org.apache.velocity.runtime.resource.loader.ClasspathResourceLoader
2021-06-06 18:14:45,030 - Velocimacro : added VM includeNavigation: source=/templates/macros/page/navigation.vm
2021-06-06 18:14:45,030 - ResourceManager : found /templates/macros/page/navigation.vm with loader org.apache.velocity.runtime.resource.loader.ClasspathResourceLoader
2021-06-06 18:14:45,034 - Velocimacro : added VM includeReportInfo: source=/templates/macros/page/reportInfo.vm
2021-06-06 18:14:45,034 - ResourceManager : found /templates/macros/page/reportInfo.vm with loader org.apache.velocity.runtime.resource.loader.ClasspathResourceLoader
2021-06-06 18:14:45,037 - Velocimacro : added VM includeTitle: source=/templates/macros/page/title.vm
2021-06-06 18:14:45,037 - ResourceManager : found /templates/macros/page/title.vm with loader org.apache.velocity.runtime.resource.loader.ClasspathResourceLoader
2021-06-06 18:14:45,040 - Velocimacro : added VM includeExpandingButtons: source=/templates/macros/report/expandAllButtons.vm
2021-06-06 18:14:45,040 - ResourceManager : found /templates/macros/report/expandAllButtons.vm with loader org.apache.velocity.runtime.resource.loader.ClasspathResourceLoader
2021-06-06 18:14:45,049 - Velocimacro : added VM includeReportTable: source=/templates/macros/report/reportTable.vm
2021-06-06 18:14:45,050 - ResourceManager : found /templates/macros/report/reportTable.vm with loader org.apache.velocity.runtime.resource.loader.ClasspathResourceLoader
2021-06-06 18:14:45,066 - Velocimacro : added VM includeReportHeader: source=/templates/macros/report/reportHeader.vm
2021-06-06 18:14:45,066 - ResourceManager : found /templates/macros/report/reportHeader.vm with loader org.apache.velocity.runtime.resource.loader.ClasspathResourceLoader
2021-06-06 18:14:45,084 - Velocimacro : added VM includeStatsTable: source=/templates/macros/report/statsTable.vm
2021-06-06 18:14:45,084 - ResourceManager : found /templates/macros/report/statsTable.vm with loader org.apache.velocity.runtime.resource.loader.ClasspathResourceLoader
2021-06-06 18:14:45,085 - Velocimacro : added VM includeBrief: source=/templates/macros/json/brief.vm
2021-06-06 18:14:45,086 - ResourceManager : found /templates/macros/json/brief.vm with loader org.apache.velocity.runtime.resource.loader.ClasspathResourceLoader
2021-06-06 18:14:45,092 - Velocimacro : added VM includeDocString: source=/templates/macros/json/docstring.vm
2021-06-06 18:14:45,092 - ResourceManager : found /templates/macros/json/docstring.vm with loader org.apache.velocity.runtime.resource.loader.ClasspathResourceLoader
2021-06-06 18:14:45,104 - Velocimacro : added VM includeDuration: source=/templates/macros/json/duration.vm
2021-06-06 18:14:45,104 - ResourceManager : found /templates/macros/json/duration.vm with loader org.apache.velocity.runtime.resource.loader.ClasspathResourceLoader
2021-06-06 18:14:45,112 - Velocimacro : added VM includeElement: source=/templates/macros/json/element.vm
2021-06-06 18:14:45,112 - ResourceManager : found /templates/macros/json/element.vm with loader org.apache.velocity.runtime.resource.loader.ClasspathResourceLoader
2021-06-06 18:14:45,149 - Velocimacro : added VM includeEmbeddings: source=/templates/macros/json/embeddings.vm
2021-06-06 18:14:45,149 - Velocimacro : added VM includeHtmlEmbedding: source=/templates/macros/json/embeddings.vm
2021-06-06 18:14:45,149 - Velocimacro : added VM includeImageEmbedding: source=/templates/macros/json/embeddings.vm
2021-06-06 18:14:45,150 - Velocimacro : added VM includeImageReferenceEmbedding: source=/templates/macros/json/embeddings.vm
2021-06-06 18:14:45,151 - Velocimacro : added VM includeTextEmbedding: source=/templates/macros/json/embeddings.vm
2021-06-06 18:14:45,151 - Velocimacro : added VM includeUnknownEmbedding: source=/templates/macros/json/embeddings.vm
2021-06-06 18:14:45,151 - ResourceManager : found /templates/macros/json/embeddings.vm with loader org.apache.velocity.runtime.resource.loader.ClasspathResourceLoader
2021-06-06 18:14:45,162 - Velocimacro : added VM includeHooks: source=/templates/macros/json/hooks.vm
2021-06-06 18:14:45,162 - ResourceManager : found /templates/macros/json/hooks.vm with loader org.apache.velocity.runtime.resource.loader.ClasspathResourceLoader
2021-06-06 18:14:45,166 - Velocimacro : added VM includeOutput: source=/templates/macros/json/output.vm
2021-06-06 18:14:45,166 - ResourceManager : found /templates/macros/json/output.vm with loader org.apache.velocity.runtime.resource.loader.ClasspathResourceLoader
2021-06-06 18:14:45,171 - Velocimacro : added VM includeMessage: source=/templates/macros/json/message.vm
2021-06-06 18:14:45,171 - ResourceManager : found /templates/macros/json/message.vm with loader org.apache.velocity.runtime.resource.loader.ClasspathResourceLoader
2021-06-06 18:14:45,178 - Velocimacro : added VM includeSteps: source=/templates/macros/json/steps.vm
2021-06-06 18:14:45,178 - ResourceManager : found /templates/macros/json/steps.vm with loader org.apache.velocity.runtime.resource.loader.ClasspathResourceLoader
2021-06-06 18:14:45,180 - Velocimacro : added VM includeStepName: source=/templates/macros/json/stepName.vm
2021-06-06 18:14:45,180 - ResourceManager : found /templates/macros/json/stepName.vm with loader org.apache.velocity.runtime.resource.loader.ClasspathResourceLoader
2021-06-06 18:14:45,181 - Velocimacro : added VM includeTags: source=/templates/macros/json/tags.vm
2021-06-06 18:14:45,181 - ResourceManager : found /templates/macros/json/tags.vm with loader org.apache.velocity.runtime.resource.loader.ClasspathResourceLoader
2021-06-06 18:14:45,207 - VM #includeNavigation: too few arguments to macro. Wanted 1 got 0
2021-06-06 18:14:45,208 - Left side ($active_tab) of '==' operation has null value. If it is a reference, it may not be in the context or its toString() returned null. /templates/macros/page/navigation.vm[line 14, column 51]
2021-06-06 18:14:45,208 - Left side ($active_tab) of '==' operation has null value. If it is a reference, it may not be in the context or its toString() returned null. /templates/macros/page/navigation.vm[line 15, column 51]
2021-06-06 18:14:45,208 - Left side ($active_tab) of '==' operation has null value. If it is a reference, it may not be in the context or its toString() returned null. /templates/macros/page/navigation.vm[line 16, column 51]
2021-06-06 18:14:45,208 - Left side ($active_tab) of '==' operation has null value. If it is a reference, it may not be in the context or its toString() returned null. /templates/macros/page/navigation.vm[line 20, column 51]
2021-06-06 18:14:45,225 - Null reference [template 'templates/generators/errorpage.vm', line 23, column 85] : $build_number cannot be resolved.
2021-06-06 18:14:45,225 - Null reference [template 'templates/generators/errorpage.vm', line 23, column 85] : $build_number cannot be resolved.
2021-06-06 18:14:45,229 - ResourceManager : found /templates/footer.vm with loader org.apache.velocity.runtime.resource.loader.ClasspathResourceLoader
